<?xml version="1.0" encoding="UTF-8"?>
<!-- Generated by org.testng.reporters.JUnitXMLReporter -->
<testsuite ignored="0" hostname="DESKTOP-NMCT7KP" failures="2" tests="3" name="Test" time="0.305" errors="0" timestamp="2024-07-30T13:56:25 IST">
  <testcase classname="seleniums.failtc" name="abc" time="0.177">
    <failure type="java.lang.AssertionError">
      <![CDATA[java.lang.AssertionError
at org.junit.Assert.fail(Assert.java:87)
at org.junit.Assert.assertTrue(Assert.java:42)
at org.junit.Assert.assertTrue(Assert.java:53)
at seleniums.failtc.abc(failtc.java:10)
at java.base/java.util.ArrayList.forEach(ArrayList.java:1596)
... Removed 25 stack frames]]>
    </failure>
  </testcase> <!-- abc -->
  <testcase classname="seleniums.failtc" name="abc1" time="0.004">
    <failure type="java.lang.AssertionError">
      <![CDATA[java.lang.AssertionError
at org.junit.Assert.fail(Assert.java:87)
at org.junit.Assert.assertTrue(Assert.java:42)
at org.junit.Assert.assertTrue(Assert.java:53)
at seleniums.failtc.abc1(failtc.java:15)
at java.base/java.util.ArrayList.forEach(ArrayList.java:1596)
... Removed 25 stack frames]]>
    </failure>
  </testcase> <!-- abc1 -->
  <testcase classname="seleniums.failtc" name="abc2" time="0.002"/>
</testsuite> <!-- Test -->
